<?xml version="1.0" encoding="UTF-8"?>
<coverage generated="1542890609380" clover="3.2.0">
  <project timestamp="1542890609381" name="All files">
    <metrics statements="241" coveredstatements="135" conditionals="91" coveredconditionals="70" methods="75" coveredmethods="34" elements="407" coveredelements="239" complexity="0" loc="241" ncloc="241" packages="7" files="28" classes="28">
      <package name="app">
        <metrics statements="32" coveredstatements="32" conditionals="13" coveredconditionals="13" methods="4" coveredmethods="4"/>
        <file name="configureStore.js" path="F:\programing\list-application\app\configureStore.js">
          <metrics statements="9" coveredstatements="9" conditionals="6" coveredconditionals="6" methods="1" coveredmethods="1"/>
          <line num="11" count="5" type="stmt"/>
          <line num="17" count="38" type="stmt"/>
          <line num="19" count="38" type="stmt"/>
          <line num="24" count="38" type="cond" truecount="5" falsecount="0"/>
          <line num="31" count="38" type="stmt"/>
          <line num="38" count="38" type="stmt"/>
          <line num="39" count="38" type="stmt"/>
          <line num="40" count="38" type="stmt"/>
          <line num="50" count="38" type="stmt"/>
        </file>
        <file name="i18n.js" path="F:\programing\list-application\app\i18n.js">
          <metrics statements="20" coveredstatements="20" conditionals="6" coveredconditionals="6" methods="2" coveredmethods="2"/>
          <line num="10" count="1" type="stmt"/>
          <line num="11" count="1" type="stmt"/>
          <line num="12" count="1" type="stmt"/>
          <line num="14" count="1" type="stmt"/>
          <line num="15" count="1" type="stmt"/>
          <line num="17" count="1" type="stmt"/>
          <line num="18" count="1" type="stmt"/>
          <line num="20" count="1" type="stmt"/>
          <line num="23" count="1" type="stmt"/>
          <line num="28" count="1" type="stmt"/>
          <line num="30" count="6" type="cond" truecount="2" falsecount="0"/>
          <line num="33" count="6" type="stmt"/>
          <line num="35" count="38" type="cond" truecount="4" falsecount="0"/>
          <line num="38" count="38" type="stmt"/>
          <line num="40" count="6" type="stmt"/>
          <line num="43" count="1" type="stmt"/>
          <line num="48" count="1" type="stmt"/>
          <line num="49" count="1" type="stmt"/>
          <line num="50" count="1" type="stmt"/>
          <line num="51" count="1" type="stmt"/>
        </file>
        <file name="reducers.js" path="F:\programing\list-application\app\reducers.js">
          <metrics statements="3" coveredstatements="3" conditionals="1" coveredconditionals="1" methods="1" coveredmethods="1"/>
          <line num="15" count="43" type="stmt"/>
          <line num="21" count="43" type="stmt"/>
          <line num="22" count="43" type="stmt"/>
        </file>
      </package>
      <package name="app.components.H1">
        <metrics statements="1" coveredstatements="1" conditionals="0" coveredconditionals="0" methods="0" coveredmethods="0"/>
        <file name="index.js" path="F:\programing\list-application\app\components\H1\index.js">
          <metrics statements="1" coveredstatements="1" conditionals="0" coveredconditionals="0" methods="0" coveredmethods="0"/>
          <line num="3" count="1" type="stmt"/>
        </file>
      </package>
      <package name="app.components.LoadingIndicator">
        <metrics statements="9" coveredstatements="6" conditionals="4" coveredconditionals="0" methods="2" coveredmethods="0"/>
        <file name="Circle.js" path="F:\programing\list-application\app\components\LoadingIndicator\Circle.js">
          <metrics statements="6" coveredstatements="4" conditionals="4" coveredconditionals="0" methods="1" coveredmethods="0"/>
          <line num="5" count="1" type="stmt"/>
          <line num="17" count="1" type="stmt"/>
          <line num="21" count="1" type="stmt"/>
          <line num="22" count="0" type="stmt"/>
          <line num="49" count="0" type="stmt"/>
          <line num="52" count="1" type="stmt"/>
        </file>
        <file name="Wrapper.js" path="F:\programing\list-application\app\components\LoadingIndicator\Wrapper.js">
          <metrics statements="1" coveredstatements="1" conditionals="0" coveredconditionals="0" methods="0" coveredmethods="0"/>
          <line num="3" count="1" type="stmt"/>
        </file>
        <file name="index.js" path="F:\programing\list-application\app\components\LoadingIndicator\index.js">
          <metrics statements="2" coveredstatements="1" conditionals="0" coveredconditionals="0" methods="1" coveredmethods="0"/>
          <line num="6" count="1" type="stmt"/>
          <line num="7" count="0" type="stmt"/>
        </file>
      </package>
      <package name="app.containers.App">
        <metrics statements="37" coveredstatements="15" conditionals="5" coveredconditionals="2" methods="17" coveredmethods="4"/>
        <file name="actions.js" path="F:\programing\list-application\app\containers\App\actions.js">
          <metrics statements="4" coveredstatements="0" conditionals="0" coveredconditionals="0" methods="3" coveredmethods="0"/>
          <line num="18" count="0" type="stmt"/>
          <line num="26" count="0" type="stmt"/>
          <line num="40" count="0" type="stmt"/>
          <line num="55" count="0" type="stmt"/>
        </file>
        <file name="constants.js" path="F:\programing\list-application\app\containers\App\constants.js">
          <metrics statements="3" coveredstatements="3" conditionals="0" coveredconditionals="0" methods="0" coveredmethods="0"/>
          <line num="12" count="5" type="stmt"/>
          <line num="13" count="5" type="stmt"/>
          <line num="14" count="5" type="stmt"/>
        </file>
        <file name="index.js" path="F:\programing\list-application\app\containers\App\index.js">
          <metrics statements="10" coveredstatements="0" conditionals="0" coveredconditionals="0" methods="1" coveredmethods="0"/>
          <line num="9" count="0" type="stmt"/>
          <line num="10" count="0" type="stmt"/>
          <line num="11" count="0" type="stmt"/>
          <line num="12" count="0" type="stmt"/>
          <line num="13" count="0" type="stmt"/>
          <line num="14" count="0" type="stmt"/>
          <line num="16" count="0" type="stmt"/>
          <line num="17" count="0" type="stmt"/>
          <line num="19" count="0" type="stmt"/>
          <line num="29" count="0" type="stmt"/>
        </file>
        <file name="reducer.js" path="F:\programing\list-application\app\containers\App\reducer.js">
          <metrics statements="6" coveredstatements="3" conditionals="5" coveredconditionals="2" methods="1" coveredmethods="1"/>
          <line num="18" count="5" type="stmt"/>
          <line num="28" count="48" type="cond" truecount="1" falsecount="3"/>
          <line num="30" count="0" type="stmt"/>
          <line num="35" count="0" type="stmt"/>
          <line num="40" count="0" type="stmt"/>
          <line num="42" count="48" type="stmt"/>
        </file>
        <file name="selectors.js" path="F:\programing\list-application\app\containers\App\selectors.js">
          <metrics statements="14" coveredstatements="9" conditionals="0" coveredconditionals="0" methods="12" coveredmethods="3"/>
          <line num="7" count="1" type="stmt"/>
          <line num="9" count="1" type="stmt"/>
          <line num="11" count="1" type="stmt"/>
          <line num="12" count="0" type="stmt"/>
          <line num="14" count="1" type="stmt"/>
          <line num="15" count="0" type="stmt"/>
          <line num="17" count="1" type="stmt"/>
          <line num="18" count="0" type="stmt"/>
          <line num="20" count="1" type="stmt"/>
          <line num="21" count="0" type="stmt"/>
          <line num="22" count="0" type="stmt"/>
          <line num="25" count="1" type="stmt"/>
          <line num="26" count="1" type="stmt"/>
          <line num="27" count="1" type="stmt"/>
        </file>
      </package>
      <package name="app.containers.ListApplication">
        <metrics statements="87" coveredstatements="13" conditionals="15" coveredconditionals="1" methods="27" coveredmethods="2"/>
        <file name="actions.js" path="F:\programing\list-application\app\containers\ListApplication\actions.js">
          <metrics statements="4" coveredstatements="4" conditionals="0" coveredconditionals="0" methods="4" coveredmethods="1"/>
          <line num="9" count="1" type="stmt"/>
          <line num="14" count="1" type="stmt"/>
          <line num="19" count="1" type="stmt"/>
          <line num="24" count="1" type="stmt"/>
        </file>
        <file name="constants.js" path="F:\programing\list-application\app\containers\ListApplication\constants.js">
          <metrics statements="6" coveredstatements="6" conditionals="0" coveredconditionals="0" methods="0" coveredmethods="0"/>
          <line num="6" count="2" type="stmt"/>
          <line num="7" count="2" type="stmt"/>
          <line num="9" count="2" type="stmt"/>
          <line num="10" count="2" type="stmt"/>
          <line num="11" count="2" type="stmt"/>
          <line num="12" count="2" type="stmt"/>
        </file>
        <file name="index.js" path="F:\programing\list-application\app\containers\ListApplication\index.js">
          <metrics statements="55" coveredstatements="0" conditionals="8" coveredconditionals="0" methods="17" coveredmethods="0"/>
          <line num="7" count="0" type="stmt"/>
          <line num="8" count="0" type="stmt"/>
          <line num="9" count="0" type="stmt"/>
          <line num="10" count="0" type="stmt"/>
          <line num="11" count="0" type="stmt"/>
          <line num="12" count="0" type="stmt"/>
          <line num="13" count="0" type="stmt"/>
          <line num="15" count="0" type="stmt"/>
          <line num="16" count="0" type="stmt"/>
          <line num="17" count="0" type="stmt"/>
          <line num="18" count="0" type="stmt"/>
          <line num="19" count="0" type="stmt"/>
          <line num="20" count="0" type="stmt"/>
          <line num="33" count="0" type="stmt"/>
          <line num="42" count="0" type="stmt"/>
          <line num="48" count="0" type="cond" truecount="0" falsecount="2"/>
          <line num="49" count="0" type="stmt"/>
          <line num="51" count="0" type="stmt"/>
          <line num="55" count="0" type="stmt"/>
          <line num="59" count="0" type="stmt"/>
          <line num="60" count="0" type="stmt"/>
          <line num="70" count="0" type="stmt"/>
          <line num="74" count="0" type="stmt"/>
          <line num="79" count="0" type="stmt"/>
          <line num="80" count="0" type="stmt"/>
          <line num="90" count="0" type="stmt"/>
          <line num="96" count="0" type="stmt"/>
          <line num="102" count="0" type="stmt"/>
          <line num="103" count="0" type="stmt"/>
          <line num="106" count="0" type="stmt"/>
          <line num="112" count="0" type="stmt"/>
          <line num="117" count="0" type="stmt"/>
          <line num="118" count="0" type="stmt"/>
          <line num="119" count="0" type="stmt"/>
          <line num="120" count="0" type="stmt"/>
          <line num="121" count="0" type="stmt"/>
          <line num="131" count="0" type="stmt"/>
          <line num="138" count="0" type="stmt"/>
          <line num="139" count="0" type="stmt"/>
          <line num="145" count="0" type="stmt"/>
          <line num="146" count="0" type="stmt"/>
          <line num="177" count="0" type="stmt"/>
          <line num="185" count="0" type="stmt"/>
          <line num="186" count="0" type="stmt"/>
          <line num="187" count="0" type="stmt"/>
          <line num="192" count="0" type="stmt"/>
          <line num="200" count="0" type="stmt"/>
          <line num="205" count="0" type="stmt"/>
          <line num="206" count="0" type="stmt"/>
          <line num="207" count="0" type="stmt"/>
          <line num="208" count="0" type="stmt"/>
          <line num="209" count="0" type="stmt"/>
          <line num="213" count="0" type="stmt"/>
          <line num="218" count="0" type="stmt"/>
          <line num="219" count="0" type="stmt"/>
        </file>
        <file name="reducer.js" path="F:\programing\list-application\app\containers\ListApplication\reducer.js">
          <metrics statements="16" coveredstatements="3" conditionals="5" coveredconditionals="1" methods="1" coveredmethods="1"/>
          <line num="10" count="1" type="stmt"/>
          <line num="15" count="1" type="cond" truecount="1" falsecount="3"/>
          <line num="17" count="0" type="stmt"/>
          <line num="18" count="0" type="stmt"/>
          <line num="19" count="0" type="stmt"/>
          <line num="22" count="0" type="stmt"/>
          <line num="23" count="0" type="stmt"/>
          <line num="24" count="0" type="stmt"/>
          <line num="25" count="0" type="stmt"/>
          <line num="26" count="0" type="stmt"/>
          <line num="27" count="0" type="stmt"/>
          <line num="31" count="0" type="stmt"/>
          <line num="32" count="0" type="stmt"/>
          <line num="33" count="0" type="stmt"/>
          <line num="34" count="0" type="stmt"/>
          <line num="38" count="1" type="stmt"/>
        </file>
        <file name="saga.js" path="F:\programing\list-application\app\containers\ListApplication\saga.js">
          <metrics statements="1" coveredstatements="0" conditionals="2" coveredconditionals="0" methods="2" coveredmethods="0"/>
          <line num="4" count="0" type="cond" truecount="0" falsecount="2"/>
        </file>
        <file name="selectors.js" path="F:\programing\list-application\app\containers\ListApplication\selectors.js">
          <metrics statements="5" coveredstatements="0" conditionals="0" coveredconditionals="0" methods="3" coveredmethods="0"/>
          <line num="1" count="0" type="stmt"/>
          <line num="2" count="0" type="stmt"/>
          <line num="8" count="0" type="stmt"/>
          <line num="19" count="0" type="stmt"/>
          <line num="20" count="0" type="stmt"/>
        </file>
      </package>
      <package name="app.containers.NotFoundPage">
        <metrics statements="7" coveredstatements="0" conditionals="0" coveredconditionals="0" methods="1" coveredmethods="0"/>
        <file name="index.js" path="F:\programing\list-application\app\containers\NotFoundPage\index.js">
          <metrics statements="5" coveredstatements="0" conditionals="0" coveredconditionals="0" methods="1" coveredmethods="0"/>
          <line num="7" count="0" type="stmt"/>
          <line num="8" count="0" type="stmt"/>
          <line num="10" count="0" type="stmt"/>
          <line num="11" count="0" type="stmt"/>
          <line num="14" count="0" type="stmt"/>
        </file>
        <file name="messages.js" path="F:\programing\list-application\app\containers\NotFoundPage\messages.js">
          <metrics statements="2" coveredstatements="0" conditionals="0" coveredconditionals="0" methods="0" coveredmethods="0"/>
          <line num="6" count="0" type="stmt"/>
          <line num="8" count="0" type="stmt"/>
        </file>
      </package>
      <package name="app.utils">
        <metrics statements="68" coveredstatements="68" conditionals="54" coveredconditionals="54" methods="24" coveredmethods="24"/>
        <file name="checkStore.js" path="F:\programing\list-application\app\utils\checkStore.js">
          <metrics statements="2" coveredstatements="2" conditionals="0" coveredconditionals="0" methods="1" coveredmethods="1"/>
          <line num="8" count="13" type="stmt"/>
          <line num="17" count="13" type="stmt"/>
        </file>
        <file name="constants.js" path="F:\programing\list-application\app\utils\constants.js">
          <metrics statements="3" coveredstatements="3" conditionals="0" coveredconditionals="0" methods="0" coveredmethods="0"/>
          <line num="1" count="2" type="stmt"/>
          <line num="2" count="2" type="stmt"/>
          <line num="3" count="2" type="stmt"/>
        </file>
        <file name="history.js" path="F:\programing\list-application\app\utils\history.js">
          <metrics statements="1" coveredstatements="1" conditionals="0" coveredconditionals="0" methods="0" coveredmethods="0"/>
          <line num="2" count="5" type="stmt"/>
        </file>
        <file name="injectReducer.js" path="F:\programing\list-application\app\utils\injectReducer.js">
          <metrics statements="5" coveredstatements="5" conditionals="3" coveredconditionals="3" methods="4" coveredmethods="4"/>
          <line num="14" count="4" type="stmt"/>
          <line num="27" count="2" type="stmt"/>
          <line num="29" count="2" type="stmt"/>
          <line num="35" count="2" type="stmt"/>
          <line num="39" count="4" type="stmt"/>
        </file>
        <file name="injectSaga.js" path="F:\programing\list-application\app\utils\injectSaga.js">
          <metrics statements="7" coveredstatements="7" conditionals="3" coveredconditionals="3" methods="5" coveredmethods="5"/>
          <line num="18" count="5" type="stmt"/>
          <line num="31" count="3" type="stmt"/>
          <line num="33" count="3" type="stmt"/>
          <line num="37" count="1" type="stmt"/>
          <line num="39" count="1" type="stmt"/>
          <line num="45" count="3" type="stmt"/>
          <line num="49" count="5" type="stmt"/>
        </file>
        <file name="reducerInjectors.js" path="F:\programing\list-application\app\utils\reducerInjectors.js">
          <metrics statements="9" coveredstatements="9" conditionals="9" coveredconditionals="9" methods="3" coveredmethods="3"/>
          <line num="8" count="8" type="stmt"/>
          <line num="9" count="10" type="cond" truecount="2" falsecount="0"/>
          <line num="11" count="9" type="stmt"/>
          <line num="17" count="6" type="cond" truecount="2" falsecount="0"/>
          <line num="21" count="1" type="stmt"/>
          <line num="23" count="5" type="stmt"/>
          <line num="24" count="5" type="stmt"/>
          <line num="29" count="2" type="stmt"/>
          <line num="31" count="1" type="stmt"/>
        </file>
        <file name="request.js" path="F:\programing\list-application\app\utils\request.js">
          <metrics statements="9" coveredstatements="9" conditionals="8" coveredconditionals="8" methods="3" coveredmethods="3"/>
          <line num="9" count="2" type="cond" truecount="4" falsecount="0"/>
          <line num="10" count="1" type="stmt"/>
          <line num="12" count="1" type="stmt"/>
          <line num="23" count="3" type="cond" truecount="4" falsecount="0"/>
          <line num="24" count="2" type="stmt"/>
          <line num="27" count="1" type="stmt"/>
          <line num="28" count="1" type="stmt"/>
          <line num="29" count="1" type="stmt"/>
          <line num="41" count="3" type="stmt"/>
        </file>
        <file name="sagaInjectors.js" path="F:\programing\list-application\app\utils\sagaInjectors.js">
          <metrics statements="32" coveredstatements="32" conditionals="31" coveredconditionals="31" methods="8" coveredmethods="8"/>
          <line num="7" count="2" type="stmt"/>
          <line num="9" count="2" type="stmt"/>
          <line num="10" count="36" type="stmt"/>
          <line num="15" count="2" type="stmt"/>
          <line num="16" count="24" type="stmt"/>
          <line num="18" count="24" type="cond" truecount="2" falsecount="0"/>
          <line num="20" count="24" type="stmt"/>
          <line num="27" count="21" type="cond" truecount="1" falsecount="0"/>
          <line num="28" count="27" type="cond" truecount="2" falsecount="0"/>
          <line num="30" count="26" type="stmt"/>
          <line num="34" count="26" type="stmt"/>
          <line num="36" count="26" type="stmt"/>
          <line num="37" count="24" type="stmt"/>
          <line num="39" count="20" type="stmt"/>
          <line num="41" count="20" type="cond" truecount="2" falsecount="0"/>
          <line num="42" count="16" type="stmt"/>
          <line num="44" count="16" type="cond" truecount="4" falsecount="0"/>
          <line num="45" count="1" type="stmt"/>
          <line num="46" count="1" type="stmt"/>
          <line num="50" count="20" type="cond" truecount="2" falsecount="0"/>
          <line num="55" count="15" type="stmt"/>
          <line num="65" count="21" type="stmt"/>
          <line num="66" count="11" type="cond" truecount="2" falsecount="0"/>
          <line num="68" count="10" type="stmt"/>
          <line num="70" count="8" type="cond" truecount="2" falsecount="0"/>
          <line num="71" count="7" type="stmt"/>
          <line num="72" count="7" type="cond" truecount="4" falsecount="0"/>
          <line num="73" count="4" type="stmt"/>
          <line num="75" count="4" type="cond" truecount="2" falsecount="0"/>
          <line num="77" count="2" type="stmt"/>
          <line num="85" count="2" type="stmt"/>
          <line num="87" count="1" type="stmt"/>
        </file>
      </package>
    </metrics>
  </project>
</coverage>
