{"F:\\programing\\list-application\\app\\configureStore.js": {"path":"F:\\programing\\list-application\\app\\configureStore.js","statementMap":{"0":{"start":{"line":11,"column":23},"end":{"line":11,"column":45}},"1":{"start":{"line":17,"column":22},"end":{"line":17,"column":65}},"2":{"start":{"line":19,"column":20},"end":{"line":19,"column":53}},"3":{"start":{"line":24,"column":4},"end":{"line":28,"column":15}},"4":{"start":{"line":31,"column":16},"end":{"line":35,"column":3}},"5":{"start":{"line":38,"column":2},"end":{"line":38,"column":37}},"6":{"start":{"line":39,"column":2},"end":{"line":39,"column":30}},"7":{"start":{"line":40,"column":2},"end":{"line":40,"column":27}},"8":{"start":{"line":50,"column":2},"end":{"line":50,"column":15}}},"fnMap":{"0":{"name":"configureStore","decl":{"start":{"line":13,"column":24},"end":{"line":13,"column":38}},"loc":{"start":{"line":13,"column":67},"end":{"line":51,"column":1}},"line":13}},"branchMap":{"0":{"loc":{"start":{"line":13,"column":39},"end":{"line":13,"column":56}},"type":"default-arg","locations":[{"start":{"line":13,"column":54},"end":{"line":13,"column":56}}],"line":13},"1":{"loc":{"start":{"line":24,"column":4},"end":{"line":28,"column":15}},"type":"cond-expr","locations":[{"start":{"line":27,"column":8},"end":{"line":27,"column":55}},{"start":{"line":28,"column":8},"end":{"line":28,"column":15}}],"line":24},"2":{"loc":{"start":{"line":24,"column":4},"end":{"line":26,"column":47}},"type":"binary-expr","locations":[{"start":{"line":24,"column":4},"end":{"line":24,"column":41}},{"start":{"line":25,"column":4},"end":{"line":25,"column":30}},{"start":{"line":26,"column":4},"end":{"line":26,"column":47}}],"line":24}},"s":{"0":5,"1":38,"2":38,"3":38,"4":38,"5":38,"6":38,"7":38,"8":38},"f":{"0":38},"b":{"0":[1],"1":[1,37],"2":[38,38,38]},"_coverageSchema":"332fd63041d2c1bcb487cc26dd0d5f7d97098a6c","hash":"5afb83db40d925bea6670728affb20473e728844"}
,"F:\\programing\\list-application\\app\\i18n.js": {"path":"F:\\programing\\list-application\\app\\i18n.js","statementMap":{"0":{"start":{"line":10,"column":22},"end":{"line":10,"column":57}},"1":{"start":{"line":11,"column":21},"end":{"line":11,"column":57}},"2":{"start":{"line":12,"column":21},"end":{"line":12,"column":57}},"3":{"start":{"line":14,"column":30},"end":{"line":14,"column":63}},"4":{"start":{"line":15,"column":30},"end":{"line":15,"column":63}},"5":{"start":{"line":17,"column":0},"end":{"line":17,"column":28}},"6":{"start":{"line":18,"column":0},"end":{"line":18,"column":28}},"7":{"start":{"line":20,"column":23},"end":{"line":20,"column":27}},"8":{"start":{"line":23,"column":19},"end":{"line":26,"column":1}},"9":{"start":{"line":28,"column":34},"end":{"line":41,"column":1}},"10":{"start":{"line":30,"column":4},"end":{"line":32,"column":10}},"11":{"start":{"line":33,"column":35},"end":{"line":39,"column":3}},"12":{"start":{"line":35,"column":6},"end":{"line":37,"column":23}},"13":{"start":{"line":38,"column":4},"end":{"line":38,"column":73}},"14":{"start":{"line":40,"column":2},"end":{"line":40,"column":68}},"15":{"start":{"line":43,"column":28},"end":{"line":46,"column":1}},"16":{"start":{"line":48,"column":0},"end":{"line":48,"column":32}},"17":{"start":{"line":49,"column":0},"end":{"line":49,"column":62}},"18":{"start":{"line":50,"column":0},"end":{"line":50,"column":50}},"19":{"start":{"line":51,"column":0},"end":{"line":51,"column":40}}},"fnMap":{"0":{"name":"(anonymous_0)","decl":{"start":{"line":28,"column":34},"end":{"line":28,"column":35}},"loc":{"start":{"line":28,"column":56},"end":{"line":41,"column":1}},"line":28},"1":{"name":"(anonymous_1)","decl":{"start":{"line":33,"column":35},"end":{"line":33,"column":36}},"loc":{"start":{"line":33,"column":63},"end":{"line":39,"column":3}},"line":33}},"branchMap":{"0":{"loc":{"start":{"line":30,"column":4},"end":{"line":32,"column":10}},"type":"cond-expr","locations":[{"start":{"line":31,"column":8},"end":{"line":31,"column":72}},{"start":{"line":32,"column":8},"end":{"line":32,"column":10}}],"line":30},"1":{"loc":{"start":{"line":35,"column":6},"end":{"line":37,"column":23}},"type":"cond-expr","locations":[{"start":{"line":36,"column":10},"end":{"line":36,"column":39}},{"start":{"line":37,"column":10},"end":{"line":37,"column":23}}],"line":35},"2":{"loc":{"start":{"line":35,"column":6},"end":{"line":35,"column":49}},"type":"binary-expr","locations":[{"start":{"line":35,"column":6},"end":{"line":35,"column":20}},{"start":{"line":35,"column":24},"end":{"line":35,"column":49}}],"line":35}},"s":{"0":1,"1":1,"2":1,"3":1,"4":1,"5":1,"6":1,"7":1,"8":1,"9":1,"10":6,"11":6,"12":38,"13":38,"14":6,"15":1,"16":1,"17":1,"18":1,"19":1},"f":{"0":6,"1":38},"b":{"0":[2,4],"1":[9,29],"2":[38,9]},"_coverageSchema":"332fd63041d2c1bcb487cc26dd0d5f7d97098a6c","hash":"5e67c85d6105b9601f851b0a365db9464b964bf0"}
,"F:\\programing\\list-application\\app\\reducers.js": {"path":"F:\\programing\\list-application\\app\\reducers.js","statementMap":{"0":{"start":{"line":15,"column":22},"end":{"line":18,"column":4}},"1":{"start":{"line":21,"column":31},"end":{"line":21,"column":53}},"2":{"start":{"line":22,"column":2},"end":{"line":22,"column":43}}},"fnMap":{"0":{"name":"createReducer","decl":{"start":{"line":14,"column":24},"end":{"line":14,"column":37}},"loc":{"start":{"line":14,"column":61},"end":{"line":23,"column":1}},"line":14}},"branchMap":{"0":{"loc":{"start":{"line":14,"column":38},"end":{"line":14,"column":59}},"type":"default-arg","locations":[{"start":{"line":14,"column":57},"end":{"line":14,"column":59}}],"line":14}},"s":{"0":43,"1":43,"2":43},"f":{"0":43},"b":{"0":[38]},"_coverageSchema":"332fd63041d2c1bcb487cc26dd0d5f7d97098a6c","hash":"d41eb4720782e28c205e1f44b2e22558fddb0638"}
,"F:\\programing\\list-application\\app\\components\\H1\\index.js": {"path":"F:\\programing\\list-application\\app\\components\\H1\\index.js","statementMap":{"0":{"start":{"line":3,"column":11},"end":{"line":6,"column":1}}},"fnMap":{},"branchMap":{},"s":{"0":1},"f":{},"b":{},"_coverageSchema":"332fd63041d2c1bcb487cc26dd0d5f7d97098a6c","hash":"d93f52d4d602c0b0461c88b4e5fb817bb5a91c30"}
,"F:\\programing\\list-application\\app\\components\\LoadingIndicator\\Circle.js": {"path":"F:\\programing\\list-application\\app\\components\\LoadingIndicator\\Circle.js","statementMap":{"0":{"start":{"line":5,"column":24},"end":{"line":15,"column":1}},"1":{"start":{"line":17,"column":28},"end":{"line":19,"column":1}},"2":{"start":{"line":21,"column":15},"end":{"line":50,"column":1}},"3":{"start":{"line":22,"column":26},"end":{"line":48,"column":3}},"4":{"start":{"line":49,"column":2},"end":{"line":49,"column":29}},"5":{"start":{"line":52,"column":0},"end":{"line":55,"column":2}}},"fnMap":{"0":{"name":"(anonymous_0)","decl":{"start":{"line":21,"column":15},"end":{"line":21,"column":16}},"loc":{"start":{"line":21,"column":24},"end":{"line":50,"column":1}},"line":21}},"branchMap":{"0":{"loc":{"start":{"line":28,"column":6},"end":{"line":33,"column":5}},"type":"binary-expr","locations":[{"start":{"line":28,"column":6},"end":{"line":28,"column":18}},{"start":{"line":29,"column":6},"end":{"line":33,"column":5}}],"line":28},"1":{"loc":{"start":{"line":42,"column":8},"end":{"line":46,"column":7}},"type":"binary-expr","locations":[{"start":{"line":42,"column":8},"end":{"line":42,"column":19}},{"start":{"line":43,"column":8},"end":{"line":46,"column":7}}],"line":42}},"s":{"0":1,"1":1,"2":1,"3":0,"4":0,"5":1},"f":{"0":0},"b":{"0":[0,0],"1":[0,0]},"_coverageSchema":"332fd63041d2c1bcb487cc26dd0d5f7d97098a6c","hash":"9f8f6df4ab63f234e5c67f85126eb2847f92fded"}
,"F:\\programing\\list-application\\app\\components\\LoadingIndicator\\Wrapper.js": {"path":"F:\\programing\\list-application\\app\\components\\LoadingIndicator\\Wrapper.js","statementMap":{"0":{"start":{"line":3,"column":16},"end":{"line":8,"column":1}}},"fnMap":{},"branchMap":{},"s":{"0":1},"f":{},"b":{},"_coverageSchema":"332fd63041d2c1bcb487cc26dd0d5f7d97098a6c","hash":"45c5249803fe8ca12fd49aa4453de0a813def546"}
,"F:\\programing\\list-application\\app\\components\\LoadingIndicator\\index.js": {"path":"F:\\programing\\list-application\\app\\components\\LoadingIndicator\\index.js","statementMap":{"0":{"start":{"line":6,"column":25},"end":{"line":21,"column":1}},"1":{"start":{"line":7,"column":2},"end":{"line":20,"column":12}}},"fnMap":{"0":{"name":"(anonymous_0)","decl":{"start":{"line":6,"column":25},"end":{"line":6,"column":26}},"loc":{"start":{"line":7,"column":2},"end":{"line":20,"column":12}},"line":7}},"branchMap":{},"s":{"0":1,"1":0},"f":{"0":0},"b":{},"_coverageSchema":"332fd63041d2c1bcb487cc26dd0d5f7d97098a6c","hash":"d76a56362345bdfa4b6102d903ccca9c69b70f23"}
,"F:\\programing\\list-application\\app\\containers\\App\\actions.js": {"path":"F:\\programing\\list-application\\app\\containers\\App\\actions.js","statementMap":{"0":{"start":{"line":18,"column":0},"end":{"line":null,"column":-1}},"1":{"start":{"line":26,"column":2},"end":{"line":null,"column":-1}},"2":{"start":{"line":40,"column":2},"end":{"line":null,"column":-1}},"3":{"start":{"line":55,"column":2},"end":{"line":null,"column":-1}}},"fnMap":{"0":{"name":"loadRepos","decl":{"start":{"line":25,"column":16},"end":{"line":25,"column":7}},"loc":{"start":{"line":25,"column":28},"end":{"line":29,"column":1}}},"1":{"name":"reposLoaded","decl":{"start":{"line":39,"column":16},"end":{"line":39,"column":7}},"loc":{"start":{"line":39,"column":45},"end":{"line":45,"column":1}}},"2":{"name":"repoLoadingError","decl":{"start":{"line":54,"column":16},"end":{"line":54,"column":7}},"loc":{"start":{"line":54,"column":40},"end":{"line":59,"column":1}}}},"branchMap":{},"s":{"0":0,"1":0,"2":0,"3":0},"f":{"0":0,"1":0,"2":0},"b":{}}
,"F:\\programing\\list-application\\app\\containers\\App\\constants.js": {"path":"F:\\programing\\list-application\\app\\containers\\App\\constants.js","statementMap":{"0":{"start":{"line":12,"column":26},"end":{"line":12,"column":54}},"1":{"start":{"line":13,"column":34},"end":{"line":13,"column":70}},"2":{"start":{"line":14,"column":32},"end":{"line":14,"column":66}}},"fnMap":{},"branchMap":{},"s":{"0":5,"1":5,"2":5},"f":{},"b":{},"_coverageSchema":"332fd63041d2c1bcb487cc26dd0d5f7d97098a6c","hash":"0f3379d9f537a331fa1980fa4ee4936fbef47804"}
,"F:\\programing\\list-application\\app\\containers\\App\\index.js": {"path":"F:\\programing\\list-application\\app\\containers\\App\\index.js","statementMap":{"0":{"start":{"line":9,"column":0},"end":{"line":null,"column":-1}},"1":{"start":{"line":10,"column":0},"end":{"line":null,"column":-1}},"2":{"start":{"line":11,"column":0},"end":{"line":null,"column":-1}},"3":{"start":{"line":12,"column":0},"end":{"line":null,"column":-1}},"4":{"start":{"line":13,"column":0},"end":{"line":null,"column":-1}},"5":{"start":{"line":14,"column":0},"end":{"line":null,"column":-1}},"6":{"start":{"line":16,"column":0},"end":{"line":null,"column":-1}},"7":{"start":{"line":17,"column":0},"end":{"line":null,"column":-1}},"8":{"start":{"line":19,"column":19},"end":{"line":19,"column":0}},"9":{"start":{"line":29,"column":2},"end":{"line":null,"column":-1}}},"fnMap":{"0":{"name":"App","decl":{"start":{"line":28,"column":24},"end":{"line":28,"column":15}},"loc":{"start":{"line":28,"column":30},"end":{"line":44,"column":1}}}},"branchMap":{},"s":{"0":0,"1":0,"2":0,"3":0,"4":0,"5":0,"6":0,"7":0,"8":0,"9":0},"f":{"0":0},"b":{}}
,"F:\\programing\\list-application\\app\\containers\\App\\reducer.js": {"path":"F:\\programing\\list-application\\app\\containers\\App\\reducer.js","statementMap":{"0":{"start":{"line":18,"column":21},"end":{"line":25,"column":2}},"1":{"start":{"line":28,"column":2},"end":{"line":43,"column":3}},"2":{"start":{"line":30,"column":6},"end":{"line":33,"column":52}},"3":{"start":{"line":35,"column":6},"end":{"line":38,"column":45}},"4":{"start":{"line":40,"column":6},"end":{"line":40,"column":68}},"5":{"start":{"line":42,"column":6},"end":{"line":42,"column":19}}},"fnMap":{"0":{"name":"appReducer","decl":{"start":{"line":27,"column":9},"end":{"line":27,"column":19}},"loc":{"start":{"line":27,"column":50},"end":{"line":44,"column":1}},"line":27}},"branchMap":{"0":{"loc":{"start":{"line":27,"column":20},"end":{"line":27,"column":40}},"type":"default-arg","locations":[{"start":{"line":27,"column":28},"end":{"line":27,"column":40}}],"line":27},"1":{"loc":{"start":{"line":28,"column":2},"end":{"line":43,"column":3}},"type":"switch","locations":[{"start":{"line":29,"column":4},"end":{"line":33,"column":52}},{"start":{"line":34,"column":4},"end":{"line":38,"column":45}},{"start":{"line":39,"column":4},"end":{"line":40,"column":68}},{"start":{"line":41,"column":4},"end":{"line":42,"column":19}}],"line":28}},"s":{"0":5,"1":48,"2":0,"3":0,"4":0,"5":48},"f":{"0":48},"b":{"0":[38],"1":[0,0,0,48]},"_coverageSchema":"332fd63041d2c1bcb487cc26dd0d5f7d97098a6c","hash":"ebd7e16a21865aff83846ff593c81cf83e36df50"}
,"F:\\programing\\list-application\\app\\containers\\App\\selectors.js": {"path":"F:\\programing\\list-application\\app\\containers\\App\\selectors.js","statementMap":{"0":{"start":{"line":7,"column":21},"end":{"line":7,"column":49}},"1":{"start":{"line":7,"column":30},"end":{"line":7,"column":49}},"2":{"start":{"line":9,"column":21},"end":{"line":9,"column":49}},"3":{"start":{"line":9,"column":30},"end":{"line":9,"column":49}},"4":{"start":{"line":11,"column":30},"end":{"line":12,"column":77}},"5":{"start":{"line":12,"column":2},"end":{"line":12,"column":77}},"6":{"start":{"line":12,"column":46},"end":{"line":12,"column":76}},"7":{"start":{"line":14,"column":26},"end":{"line":15,"column":73}},"8":{"start":{"line":15,"column":2},"end":{"line":15,"column":73}},"9":{"start":{"line":15,"column":46},"end":{"line":15,"column":72}},"10":{"start":{"line":17,"column":24},"end":{"line":18,"column":71}},"11":{"start":{"line":18,"column":2},"end":{"line":18,"column":71}},"12":{"start":{"line":18,"column":46},"end":{"line":18,"column":70}},"13":{"start":{"line":20,"column":24},"end":{"line":23,"column":3}},"14":{"start":{"line":21,"column":2},"end":{"line":23,"column":3}},"15":{"start":{"line":22,"column":4},"end":{"line":22,"column":51}},"16":{"start":{"line":25,"column":27},"end":{"line":28,"column":3}},"17":{"start":{"line":26,"column":2},"end":{"line":28,"column":3}},"18":{"start":{"line":27,"column":4},"end":{"line":27,"column":38}}},"fnMap":{"0":{"name":"(anonymous_0)","decl":{"start":{"line":7,"column":21},"end":{"line":7,"column":22}},"loc":{"start":{"line":7,"column":30},"end":{"line":7,"column":49}},"line":7},"1":{"name":"(anonymous_1)","decl":{"start":{"line":9,"column":21},"end":{"line":9,"column":22}},"loc":{"start":{"line":9,"column":30},"end":{"line":9,"column":49}},"line":9},"2":{"name":"(anonymous_2)","decl":{"start":{"line":11,"column":30},"end":{"line":11,"column":31}},"loc":{"start":{"line":12,"column":2},"end":{"line":12,"column":77}},"line":12},"3":{"name":"(anonymous_3)","decl":{"start":{"line":12,"column":31},"end":{"line":12,"column":32}},"loc":{"start":{"line":12,"column":46},"end":{"line":12,"column":76}},"line":12},"4":{"name":"(anonymous_4)","decl":{"start":{"line":14,"column":26},"end":{"line":14,"column":27}},"loc":{"start":{"line":15,"column":2},"end":{"line":15,"column":73}},"line":15},"5":{"name":"(anonymous_5)","decl":{"start":{"line":15,"column":31},"end":{"line":15,"column":32}},"loc":{"start":{"line":15,"column":46},"end":{"line":15,"column":72}},"line":15},"6":{"name":"(anonymous_6)","decl":{"start":{"line":17,"column":24},"end":{"line":17,"column":25}},"loc":{"start":{"line":18,"column":2},"end":{"line":18,"column":71}},"line":18},"7":{"name":"(anonymous_7)","decl":{"start":{"line":18,"column":31},"end":{"line":18,"column":32}},"loc":{"start":{"line":18,"column":46},"end":{"line":18,"column":70}},"line":18},"8":{"name":"(anonymous_8)","decl":{"start":{"line":20,"column":24},"end":{"line":20,"column":25}},"loc":{"start":{"line":21,"column":2},"end":{"line":23,"column":3}},"line":21},"9":{"name":"(anonymous_9)","decl":{"start":{"line":21,"column":31},"end":{"line":21,"column":32}},"loc":{"start":{"line":22,"column":4},"end":{"line":22,"column":51}},"line":22},"10":{"name":"(anonymous_10)","decl":{"start":{"line":25,"column":27},"end":{"line":25,"column":28}},"loc":{"start":{"line":26,"column":2},"end":{"line":28,"column":3}},"line":26},"11":{"name":"(anonymous_11)","decl":{"start":{"line":26,"column":31},"end":{"line":26,"column":32}},"loc":{"start":{"line":27,"column":4},"end":{"line":27,"column":38}},"line":27}},"branchMap":{},"s":{"0":1,"1":0,"2":1,"3":1,"4":1,"5":0,"6":0,"7":1,"8":0,"9":0,"10":1,"11":0,"12":0,"13":1,"14":0,"15":0,"16":1,"17":1,"18":1},"f":{"0":0,"1":1,"2":0,"3":0,"4":0,"5":0,"6":0,"7":0,"8":0,"9":0,"10":1,"11":1},"b":{},"_coverageSchema":"332fd63041d2c1bcb487cc26dd0d5f7d97098a6c","hash":"f458c7090ccc3ce3c700519052e2ac0056bf473b"}
,"F:\\programing\\list-application\\app\\containers\\ListApplication\\actions.js": {"path":"F:\\programing\\list-application\\app\\containers\\ListApplication\\actions.js","statementMap":{"0":{"start":{"line":9,"column":29},"end":{"line":12,"column":2}},"1":{"start":{"line":9,"column":41},"end":{"line":12,"column":1}},"2":{"start":{"line":14,"column":30},"end":{"line":17,"column":2}},"3":{"start":{"line":14,"column":42},"end":{"line":17,"column":1}},"4":{"start":{"line":19,"column":32},"end":{"line":22,"column":2}},"5":{"start":{"line":19,"column":44},"end":{"line":22,"column":1}},"6":{"start":{"line":24,"column":28},"end":{"line":26,"column":2}},"7":{"start":{"line":24,"column":35},"end":{"line":26,"column":1}}},"fnMap":{"0":{"name":"(anonymous_0)","decl":{"start":{"line":9,"column":29},"end":{"line":9,"column":30}},"loc":{"start":{"line":9,"column":41},"end":{"line":12,"column":1}},"line":9},"1":{"name":"(anonymous_1)","decl":{"start":{"line":14,"column":30},"end":{"line":14,"column":31}},"loc":{"start":{"line":14,"column":42},"end":{"line":17,"column":1}},"line":14},"2":{"name":"(anonymous_2)","decl":{"start":{"line":19,"column":32},"end":{"line":19,"column":33}},"loc":{"start":{"line":19,"column":44},"end":{"line":22,"column":1}},"line":19},"3":{"name":"(anonymous_3)","decl":{"start":{"line":24,"column":28},"end":{"line":24,"column":29}},"loc":{"start":{"line":24,"column":35},"end":{"line":26,"column":1}},"line":24}},"branchMap":{},"s":{"0":1,"1":1,"2":1,"3":0,"4":1,"5":0,"6":1,"7":0},"f":{"0":1,"1":0,"2":0,"3":0},"b":{},"_coverageSchema":"332fd63041d2c1bcb487cc26dd0d5f7d97098a6c","hash":"a591c2edd67a878c9ea1b36de083f89dbd1bd5d6"}
,"F:\\programing\\list-application\\app\\containers\\ListApplication\\constants.js": {"path":"F:\\programing\\list-application\\app\\containers\\ListApplication\\constants.js","statementMap":{"0":{"start":{"line":6,"column":29},"end":{"line":6,"column":72}},"1":{"start":{"line":7,"column":30},"end":{"line":7,"column":66}},"2":{"start":{"line":9,"column":28},"end":{"line":9,"column":70}},"3":{"start":{"line":10,"column":27},"end":{"line":10,"column":68}},"4":{"start":{"line":11,"column":25},"end":{"line":11,"column":64}},"5":{"start":{"line":12,"column":28},"end":{"line":12,"column":70}}},"fnMap":{},"branchMap":{},"s":{"0":2,"1":2,"2":2,"3":2,"4":2,"5":2},"f":{},"b":{},"_coverageSchema":"332fd63041d2c1bcb487cc26dd0d5f7d97098a6c","hash":"1e924f442d2c29e65fe9b62108235657e8cb31b3"}
,"F:\\programing\\list-application\\app\\containers\\ListApplication\\index.js": {"path":"F:\\programing\\list-application\\app\\containers\\ListApplication\\index.js","statementMap":{"0":{"start":{"line":7,"column":0},"end":{"line":null,"column":-1}},"1":{"start":{"line":8,"column":0},"end":{"line":null,"column":-1}},"2":{"start":{"line":9,"column":0},"end":{"line":null,"column":-1}},"3":{"start":{"line":10,"column":0},"end":{"line":null,"column":-1}},"4":{"start":{"line":11,"column":0},"end":{"line":null,"column":-1}},"5":{"start":{"line":12,"column":0},"end":{"line":null,"column":-1}},"6":{"start":{"line":13,"column":0},"end":{"line":null,"column":-1}},"7":{"start":{"line":15,"column":0},"end":{"line":null,"column":-1}},"8":{"start":{"line":16,"column":0},"end":{"line":null,"column":-1}},"9":{"start":{"line":17,"column":0},"end":{"line":null,"column":-1}},"10":{"start":{"line":18,"column":0},"end":{"line":null,"column":-1}},"11":{"start":{"line":19,"column":0},"end":{"line":null,"column":-1}},"12":{"start":{"line":20,"column":0},"end":{"line":null,"column":-1}},"13":{"start":{"line":33,"column":4},"end":{"line":null,"column":-1}},"14":{"start":{"line":42,"column":4},"end":{"line":null,"column":-1}},"15":{"start":{"line":48,"column":4},"end":{"line":66,"column":5}},"16":{"start":{"line":49,"column":6},"end":{"line":null,"column":-1}},"17":{"start":{"line":51,"column":6},"end":{"line":null,"column":-1}},"18":{"start":{"line":55,"column":6},"end":{"line":null,"column":-1}},"19":{"start":{"line":59,"column":6},"end":{"line":null,"column":-1}},"20":{"start":{"line":60,"column":8},"end":{"line":null,"column":-1}},"21":{"start":{"line":70,"column":4},"end":{"line":null,"column":-1}},"22":{"start":{"line":74,"column":4},"end":{"line":null,"column":-1}},"23":{"start":{"line":79,"column":4},"end":{"line":null,"column":-1}},"24":{"start":{"line":80,"column":6},"end":{"line":null,"column":-1}},"25":{"start":{"line":90,"column":4},"end":{"line":null,"column":-1}},"26":{"start":{"line":96,"column":4},"end":{"line":null,"column":-1}},"27":{"start":{"line":102,"column":14},"end":{"line":102,"column":4}},"28":{"start":{"line":103,"column":4},"end":{"line":null,"column":-1}},"29":{"start":{"line":106,"column":8},"end":{"line":null,"column":-1}},"30":{"start":{"line":112,"column":8},"end":{"line":null,"column":-1}},"31":{"start":{"line":117,"column":11},"end":{"line":null,"column":-1}},"32":{"start":{"line":118,"column":40},"end":{"line":117,"column":11}},"33":{"start":{"line":117,"column":11},"end":{"line":117,"column":10}},"34":{"start":{"line":119,"column":32},"end":{"line":117,"column":11}},"35":{"start":{"line":120,"column":21},"end":{"line":117,"column":11}},"36":{"start":{"line":121,"column":4},"end":{"line":null,"column":-1}},"37":{"start":{"line":131,"column":22},"end":{"line":null,"column":-1}},"38":{"start":{"line":138,"column":27},"end":{"line":null,"column":-1}},"39":{"start":{"line":139,"column":30},"end":{"line":null,"column":-1}},"40":{"start":{"line":145,"column":27},"end":{"line":null,"column":-1}},"41":{"start":{"line":146,"column":30},"end":{"line":null,"column":-1}},"42":{"start":{"line":177,"column":23},"end":{"line":null,"column":-1}},"43":{"start":{"line":185,"column":0},"end":{"line":null,"column":-1}},"44":{"start":{"line":186,"column":11},"end":{"line":null,"column":-1}},"45":{"start":{"line":187,"column":12},"end":{"line":null,"column":-1}},"46":{"start":{"line":192,"column":0},"end":{"line":null,"column":-1}},"47":{"start":{"line":200,"column":24},"end":{"line":200,"column":0}},"48":{"start":{"line":205,"column":2},"end":{"line":null,"column":-1}},"49":{"start":{"line":206,"column":20},"end":{"line":null,"column":-1}},"50":{"start":{"line":207,"column":21},"end":{"line":null,"column":-1}},"51":{"start":{"line":208,"column":23},"end":{"line":null,"column":-1}},"52":{"start":{"line":209,"column":18},"end":{"line":null,"column":-1}},"53":{"start":{"line":213,"column":20},"end":{"line":213,"column":0}},"54":{"start":{"line":218,"column":20},"end":{"line":218,"column":0}},"55":{"start":{"line":219,"column":17},"end":{"line":219,"column":0}}},"fnMap":{"0":{"name":"(anonymous_21)","decl":{"start":{"line":59,"column":17},"end":{"line":59,"column":22}},"loc":{"start":{"line":59,"column":23},"end":{"line":59,"column":16}}},"1":{"name":"(anonymous_23)","decl":{"start":{"line":79,"column":15},"end":{"line":79,"column":20}},"loc":{"start":{"line":79,"column":21},"end":{"line":79,"column":14}}},"2":{"name":"onOk","decl":{"start":{"line":103,"column":18},"end":{"line":105,"column":12}},"loc":{"start":{"line":105,"column":13},"end":{"line":103,"column":18}}},"3":{"name":"onCancel","decl":{"start":{"line":103,"column":18},"end":{"line":110,"column":16}},"loc":{"start":{"line":110,"column":17},"end":{"line":113,"column":7}}},"4":{"name":"renderItem","decl":{"start":{"line":131,"column":22},"end":{"line":131,"column":22}},"loc":{"start":{"line":131,"column":22},"end":{"line":null,"column":-1}}},"5":{"name":"onClick","decl":{"start":{"line":138,"column":27},"end":{"line":null,"column":-1}},"loc":{"start":{"line":138,"column":27},"end":{"line":137,"column":16}}},"6":{"name":"onKeyPress","decl":{"start":{"line":139,"column":30},"end":{"line":null,"column":-1}},"loc":{"start":{"line":139,"column":30},"end":{"line":137,"column":16}}},"7":{"name":"onClick","decl":{"start":{"line":145,"column":27},"end":{"line":null,"column":-1}},"loc":{"start":{"line":145,"column":27},"end":{"line":144,"column":16}}},"8":{"name":"onKeyPress","decl":{"start":{"line":146,"column":30},"end":{"line":null,"column":-1}},"loc":{"start":{"line":146,"column":30},"end":{"line":144,"column":16}}},"9":{"name":"onChange","decl":{"start":{"line":177,"column":22},"end":{"line":177,"column":21}},"loc":{"start":{"line":177,"column":23},"end":{"line":null,"column":-1}}},"10":{"name":"addList","decl":{"start":{"line":186,"column":11},"end":{"line":null,"column":-1}},"loc":{"start":{"line":186,"column":11},"end":{"line":185,"column":31}}},"11":{"name":"editList","decl":{"start":{"line":187,"column":12},"end":{"line":null,"column":-1}},"loc":{"start":{"line":187,"column":12},"end":{"line":185,"column":31}}},"12":{"name":"mapDispatchToProps","decl":{"start":{"line":204,"column":9},"end":{"line":204,"column":0}},"loc":{"start":{"line":204,"column":38},"end":{"line":211,"column":1}}},"13":{"name":"addList","decl":{"start":{"line":206,"column":13},"end":{"line":206,"column":12}},"loc":{"start":{"line":206,"column":20},"end":{"line":205,"column":9}}},"14":{"name":"editList","decl":{"start":{"line":207,"column":14},"end":{"line":207,"column":13}},"loc":{"start":{"line":207,"column":21},"end":{"line":205,"column":9}}},"15":{"name":"deleteList","decl":{"start":{"line":208,"column":16},"end":{"line":208,"column":15}},"loc":{"start":{"line":208,"column":23},"end":{"line":205,"column":9}}},"16":{"name":"submitAction","decl":{"start":{"line":209,"column":18},"end":{"line":null,"column":-1}},"loc":{"start":{"line":209,"column":18},"end":{"line":null,"column":-1}}}},"branchMap":{"0":{"loc":{"start":{"line":48,"column":4},"end":{"line":66,"column":5}},"type":"if","locations":[{"start":{"line":48,"column":4},"end":{"line":66,"column":5}},{"start":{"line":48,"column":4},"end":{"line":66,"column":5}}]},"1":{"loc":{"start":{"line":134,"column":52},"end":{"line":134,"column":16}},"type":"cond-expr","locations":[{"start":{"line":134,"column":52},"end":{"line":134,"column":16}},{"start":{"line":134,"column":77},"end":{"line":132,"column":12}}]},"2":{"loc":{"start":{"line":166,"column":48},"end":{"line":166,"column":17}},"type":"cond-expr","locations":[{"start":{"line":166,"column":48},"end":{"line":166,"column":17}},{"start":{"line":166,"column":64},"end":{"line":165,"column":8}}]},"3":{"loc":{"start":{"line":171,"column":49},"end":{"line":171,"column":18}},"type":"cond-expr","locations":[{"start":{"line":171,"column":49},"end":{"line":171,"column":18}},{"start":{"line":171,"column":60},"end":{"line":null,"column":-1}}]}},"s":{"0":0,"1":0,"2":0,"3":0,"4":0,"5":0,"6":0,"7":0,"8":0,"9":0,"10":0,"11":0,"12":0,"13":0,"14":0,"15":0,"16":0,"17":0,"18":0,"19":0,"20":0,"21":0,"22":0,"23":0,"24":0,"25":0,"26":0,"27":0,"28":0,"29":0,"30":0,"31":0,"32":0,"33":0,"34":0,"35":0,"36":0,"37":0,"38":0,"39":0,"40":0,"41":0,"42":0,"43":0,"44":0,"45":0,"46":0,"47":0,"48":0,"49":0,"50":0,"51":0,"52":0,"53":0,"54":0,"55":0},"f":{"0":0,"1":0,"2":0,"3":0,"4":0,"5":0,"6":0,"7":0,"8":0,"9":0,"10":0,"11":0,"12":0,"13":0,"14":0,"15":0,"16":0},"b":{"0":[0,0],"1":[0,0],"2":[0,0],"3":[0,0]}}
,"F:\\programing\\list-application\\app\\containers\\ListApplication\\reducer.js": {"path":"F:\\programing\\list-application\\app\\containers\\ListApplication\\reducer.js","statementMap":{"0":{"start":{"line":10,"column":28},"end":{"line":12,"column":2}},"1":{"start":{"line":15,"column":2},"end":{"line":39,"column":3}},"2":{"start":{"line":17,"column":19},"end":{"line":17,"column":41}},"3":{"start":{"line":18,"column":6},"end":{"line":18,"column":32}},"4":{"start":{"line":19,"column":6},"end":{"line":19,"column":37}},"5":{"start":{"line":22,"column":37},"end":{"line":22,"column":51}},"6":{"start":{"line":23,"column":26},"end":{"line":23,"column":48}},"7":{"start":{"line":24,"column":23},"end":{"line":24,"column":55}},"8":{"start":{"line":25,"column":6},"end":{"line":25,"column":27}},"9":{"start":{"line":26,"column":6},"end":{"line":26,"column":43}},"10":{"start":{"line":27,"column":6},"end":{"line":27,"column":44}},"11":{"start":{"line":31,"column":20},"end":{"line":31,"column":48}},"12":{"start":{"line":32,"column":25},"end":{"line":32,"column":47}},"13":{"start":{"line":33,"column":6},"end":{"line":33,"column":34}},"14":{"start":{"line":34,"column":6},"end":{"line":34,"column":43}},"15":{"start":{"line":38,"column":6},"end":{"line":38,"column":19}}},"fnMap":{"0":{"name":"listApplicationReducer","decl":{"start":{"line":14,"column":9},"end":{"line":14,"column":31}},"loc":{"start":{"line":14,"column":62},"end":{"line":40,"column":1}},"line":14}},"branchMap":{"0":{"loc":{"start":{"line":14,"column":32},"end":{"line":14,"column":52}},"type":"default-arg","locations":[{"start":{"line":14,"column":40},"end":{"line":14,"column":52}}],"line":14},"1":{"loc":{"start":{"line":15,"column":2},"end":{"line":39,"column":3}},"type":"switch","locations":[{"start":{"line":16,"column":4},"end":{"line":20,"column":5}},{"start":{"line":21,"column":4},"end":{"line":28,"column":5}},{"start":{"line":30,"column":4},"end":{"line":35,"column":5}},{"start":{"line":37,"column":4},"end":{"line":38,"column":19}}],"line":15}},"s":{"0":1,"1":1,"2":0,"3":0,"4":0,"5":0,"6":0,"7":0,"8":0,"9":0,"10":0,"11":0,"12":0,"13":0,"14":0,"15":1},"f":{"0":1},"b":{"0":[0],"1":[0,0,0,1]},"_coverageSchema":"332fd63041d2c1bcb487cc26dd0d5f7d97098a6c","hash":"068ea4f9b091559f6f555784b05a5fb94550cd7e"}
,"F:\\programing\\list-application\\app\\containers\\ListApplication\\saga.js": {"path":"F:\\programing\\list-application\\app\\containers\\ListApplication\\saga.js","statementMap":{"0":{"start":{"line":4,"column":15},"end":{"line":null,"column":-1}}},"fnMap":{"0":{"name":"listApplicationSaga","decl":{"start":{"line":4,"column":25},"end":{"line":4,"column":15}},"loc":{"start":{"line":4,"column":15},"end":{"line":null,"column":-1}}},"1":{"name":"listApplicationSaga$","decl":{"start":{"line":4,"column":15},"end":{"line":null,"column":-1}},"loc":{"start":{"line":4,"column":15},"end":{"line":null,"column":-1}}}},"branchMap":{"0":{"loc":{"start":{"line":4,"column":15},"end":{"line":null,"column":-1}},"type":"switch","locations":[{"start":{"line":4,"column":15},"end":{"line":null,"column":-1}},{"start":{"line":4,"column":15},"end":{"line":null,"column":-1}}]}},"s":{"0":0},"f":{"0":0,"1":0},"b":{"0":[0,0]}}
,"F:\\programing\\list-application\\app\\containers\\ListApplication\\selectors.js": {"path":"F:\\programing\\list-application\\app\\containers\\ListApplication\\selectors.js","statementMap":{"0":{"start":{"line":1,"column":0},"end":{"line":null,"column":-1}},"1":{"start":{"line":2,"column":0},"end":{"line":null,"column":-1}},"2":{"start":{"line":8,"column":36},"end":{"line":8,"column":0}},"3":{"start":{"line":8,"column":41},"end":{"line":null,"column":-1}},"4":{"start":{"line":19,"column":34},"end":{"line":19,"column":0}},"5":{"start":{"line":19,"column":34},"end":{"line":null,"column":-1}},"6":{"start":{"line":20,"column":54},"end":{"line":null,"column":-1}}},"fnMap":{"0":{"name":"selectListApplicationDomain","decl":{"start":{"line":8,"column":6},"end":{"line":8,"column":36}},"loc":{"start":{"line":8,"column":41},"end":{"line":8,"column":0}}},"1":{"name":"makeSelectListApplication","decl":{"start":{"line":19,"column":6},"end":{"line":19,"column":34}},"loc":{"start":{"line":19,"column":34},"end":{"line":19,"column":0}}},"2":{"name":"(anonymous_2)","decl":{"start":{"line":20,"column":46},"end":{"line":20,"column":45}},"loc":{"start":{"line":20,"column":54},"end":{"line":20,"column":2}}}},"branchMap":{},"s":{"0":0,"1":0,"2":0,"3":0,"4":0,"5":0,"6":0},"f":{"0":0,"1":0,"2":0},"b":{}}
,"F:\\programing\\list-application\\app\\containers\\NotFoundPage\\index.js": {"path":"F:\\programing\\list-application\\app\\containers\\NotFoundPage\\index.js","statementMap":{"0":{"start":{"line":7,"column":0},"end":{"line":null,"column":-1}},"1":{"start":{"line":8,"column":0},"end":{"line":null,"column":-1}},"2":{"start":{"line":10,"column":0},"end":{"line":null,"column":-1}},"3":{"start":{"line":11,"column":0},"end":{"line":null,"column":-1}},"4":{"start":{"line":14,"column":2},"end":{"line":null,"column":-1}}},"fnMap":{"0":{"name":"NotFound","decl":{"start":{"line":13,"column":24},"end":{"line":13,"column":15}},"loc":{"start":{"line":13,"column":35},"end":{"line":21,"column":1}}}},"branchMap":{},"s":{"0":0,"1":0,"2":0,"3":0,"4":0},"f":{"0":0},"b":{}}
,"F:\\programing\\list-application\\app\\containers\\NotFoundPage\\messages.js": {"path":"F:\\programing\\list-application\\app\\containers\\NotFoundPage\\messages.js","statementMap":{"0":{"start":{"line":6,"column":0},"end":{"line":null,"column":-1}},"1":{"start":{"line":8,"column":21},"end":{"line":8,"column":7}}},"fnMap":{},"branchMap":{},"s":{"0":0,"1":0},"f":{},"b":{}}
,"F:\\programing\\list-application\\app\\utils\\checkStore.js": {"path":"F:\\programing\\list-application\\app\\utils\\checkStore.js","statementMap":{"0":{"start":{"line":8,"column":16},"end":{"line":16,"column":3}},"1":{"start":{"line":17,"column":2},"end":{"line":20,"column":4}}},"fnMap":{"0":{"name":"checkStore","decl":{"start":{"line":7,"column":24},"end":{"line":7,"column":34}},"loc":{"start":{"line":7,"column":42},"end":{"line":21,"column":1}},"line":7}},"branchMap":{},"s":{"0":13,"1":13},"f":{"0":13},"b":{},"_coverageSchema":"332fd63041d2c1bcb487cc26dd0d5f7d97098a6c","hash":"d798feef7cf77d2eac44520f765e5a9914eb5e21"}
,"F:\\programing\\list-application\\app\\utils\\constants.js": {"path":"F:\\programing\\list-application\\app\\utils\\constants.js","statementMap":{"0":{"start":{"line":1,"column":34},"end":{"line":1,"column":70}},"1":{"start":{"line":2,"column":22},"end":{"line":2,"column":46}},"2":{"start":{"line":3,"column":33},"end":{"line":3,"column":68}}},"fnMap":{},"branchMap":{},"s":{"0":2,"1":2,"2":2},"f":{},"b":{},"_coverageSchema":"332fd63041d2c1bcb487cc26dd0d5f7d97098a6c","hash":"9e6483b823deea1ab9ccefc423d20d618c454ac2"}
,"F:\\programing\\list-application\\app\\utils\\history.js": {"path":"F:\\programing\\list-application\\app\\utils\\history.js","statementMap":{"0":{"start":{"line":2,"column":16},"end":{"line":2,"column":31}}},"fnMap":{},"branchMap":{},"s":{"0":5},"f":{},"b":{},"_coverageSchema":"332fd63041d2c1bcb487cc26dd0d5f7d97098a6c","hash":"6c22d8756823cd2d4be9228cc293915cb6c1eef4"}
,"F:\\programing\\list-application\\app\\utils\\injectReducer.js": {"path":"F:\\programing\\list-application\\app\\utils\\injectReducer.js","statementMap":{"0":{"start":{"line":14,"column":37},"end":{"line":40,"column":1}},"1":{"start":{"line":27,"column":32},"end":{"line":27,"column":46}},"2":{"start":{"line":29,"column":6},"end":{"line":29,"column":34}},"3":{"start":{"line":35,"column":6},"end":{"line":35,"column":50}},"4":{"start":{"line":39,"column":2},"end":{"line":39,"column":65}}},"fnMap":{"0":{"name":"(anonymous_0)","decl":{"start":{"line":14,"column":15},"end":{"line":14,"column":16}},"loc":{"start":{"line":14,"column":37},"end":{"line":40,"column":1}},"line":14},"1":{"name":"(anonymous_1)","decl":{"start":{"line":14,"column":37},"end":{"line":14,"column":38}},"loc":{"start":{"line":14,"column":57},"end":{"line":40,"column":1}},"line":14},"2":{"name":"(anonymous_2)","decl":{"start":{"line":26,"column":4},"end":{"line":26,"column":5}},"loc":{"start":{"line":26,"column":25},"end":{"line":30,"column":5}},"line":26},"3":{"name":"(anonymous_3)","decl":{"start":{"line":34,"column":4},"end":{"line":34,"column":5}},"loc":{"start":{"line":34,"column":13},"end":{"line":36,"column":5}},"line":34}},"branchMap":{"0":{"loc":{"start":{"line":22,"column":40},"end":{"line":24,"column":17}},"type":"binary-expr","locations":[{"start":{"line":22,"column":40},"end":{"line":22,"column":68}},{"start":{"line":23,"column":6},"end":{"line":23,"column":27}},{"start":{"line":24,"column":6},"end":{"line":24,"column":17}}],"line":22}},"s":{"0":4,"1":2,"2":2,"3":2,"4":4},"f":{"0":4,"1":4,"2":2,"3":2},"b":{"0":[4,4,1]},"_coverageSchema":"332fd63041d2c1bcb487cc26dd0d5f7d97098a6c","hash":"bf0f7ed8d8d6abd38b2edd5a15bd1d903c9bac5d"}
,"F:\\programing\\list-application\\app\\utils\\injectSaga.js": {"path":"F:\\programing\\list-application\\app\\utils\\injectSaga.js","statementMap":{"0":{"start":{"line":18,"column":40},"end":{"line":50,"column":1}},"1":{"start":{"line":31,"column":29},"end":{"line":31,"column":43}},"2":{"start":{"line":33,"column":6},"end":{"line":33,"column":50}},"3":{"start":{"line":37,"column":28},"end":{"line":37,"column":42}},"4":{"start":{"line":39,"column":6},"end":{"line":39,"column":21}},"5":{"start":{"line":45,"column":6},"end":{"line":45,"column":50}},"6":{"start":{"line":49,"column":2},"end":{"line":49,"column":60}}},"fnMap":{"0":{"name":"(anonymous_0)","decl":{"start":{"line":18,"column":15},"end":{"line":18,"column":16}},"loc":{"start":{"line":18,"column":40},"end":{"line":50,"column":1}},"line":18},"1":{"name":"(anonymous_1)","decl":{"start":{"line":18,"column":40},"end":{"line":18,"column":41}},"loc":{"start":{"line":18,"column":60},"end":{"line":50,"column":1}},"line":18},"2":{"name":"(anonymous_2)","decl":{"start":{"line":30,"column":4},"end":{"line":30,"column":5}},"loc":{"start":{"line":30,"column":25},"end":{"line":34,"column":5}},"line":30},"3":{"name":"(anonymous_3)","decl":{"start":{"line":36,"column":4},"end":{"line":36,"column":5}},"loc":{"start":{"line":36,"column":27},"end":{"line":40,"column":5}},"line":36},"4":{"name":"(anonymous_4)","decl":{"start":{"line":44,"column":4},"end":{"line":44,"column":5}},"loc":{"start":{"line":44,"column":13},"end":{"line":46,"column":5}},"line":44}},"branchMap":{"0":{"loc":{"start":{"line":26,"column":37},"end":{"line":28,"column":17}},"type":"binary-expr","locations":[{"start":{"line":26,"column":37},"end":{"line":26,"column":65}},{"start":{"line":27,"column":6},"end":{"line":27,"column":27}},{"start":{"line":28,"column":6},"end":{"line":28,"column":17}}],"line":26}},"s":{"0":5,"1":3,"2":3,"3":1,"4":1,"5":3,"6":5},"f":{"0":5,"1":5,"2":3,"3":1,"4":3},"b":{"0":[5,5,1]},"_coverageSchema":"332fd63041d2c1bcb487cc26dd0d5f7d97098a6c","hash":"71e475451a375ec18407d7214bf12dc5885de0fe"}
,"F:\\programing\\list-application\\app\\utils\\reducerInjectors.js": {"path":"F:\\programing\\list-application\\app\\utils\\reducerInjectors.js","statementMap":{"0":{"start":{"line":8,"column":2},"end":{"line":25,"column":4}},"1":{"start":{"line":9,"column":4},"end":{"line":9,"column":36}},"2":{"start":{"line":9,"column":18},"end":{"line":9,"column":36}},"3":{"start":{"line":11,"column":4},"end":{"line":14,"column":6}},"4":{"start":{"line":17,"column":4},"end":{"line":21,"column":13}},"5":{"start":{"line":21,"column":6},"end":{"line":21,"column":13}},"6":{"start":{"line":23,"column":4},"end":{"line":23,"column":42}},"7":{"start":{"line":24,"column":4},"end":{"line":24,"column":64}},"8":{"start":{"line":29,"column":2},"end":{"line":29,"column":20}},"9":{"start":{"line":31,"column":2},"end":{"line":33,"column":4}}},"fnMap":{"0":{"name":"injectReducerFactory","decl":{"start":{"line":7,"column":16},"end":{"line":7,"column":36}},"loc":{"start":{"line":7,"column":53},"end":{"line":26,"column":1}},"line":7},"1":{"name":"injectReducer","decl":{"start":{"line":8,"column":18},"end":{"line":8,"column":31}},"loc":{"start":{"line":8,"column":46},"end":{"line":25,"column":3}},"line":8},"2":{"name":"getInjectors","decl":{"start":{"line":28,"column":24},"end":{"line":28,"column":36}},"loc":{"start":{"line":28,"column":44},"end":{"line":34,"column":1}},"line":28}},"branchMap":{"0":{"loc":{"start":{"line":9,"column":4},"end":{"line":9,"column":36}},"type":"if","locations":[{"start":{"line":9,"column":4},"end":{"line":9,"column":36}},{"start":{"line":9,"column":4},"end":{"line":9,"column":36}}],"line":9},"1":{"loc":{"start":{"line":12,"column":6},"end":{"line":12,"column":59}},"type":"binary-expr","locations":[{"start":{"line":12,"column":6},"end":{"line":12,"column":19}},{"start":{"line":12,"column":23},"end":{"line":12,"column":36}},{"start":{"line":12,"column":40},"end":{"line":12,"column":59}}],"line":12},"2":{"loc":{"start":{"line":17,"column":4},"end":{"line":21,"column":13}},"type":"if","locations":[{"start":{"line":17,"column":4},"end":{"line":21,"column":13}},{"start":{"line":17,"column":4},"end":{"line":21,"column":13}}],"line":17},"3":{"loc":{"start":{"line":18,"column":6},"end":{"line":19,"column":45}},"type":"binary-expr","locations":[{"start":{"line":18,"column":6},"end":{"line":18,"column":46}},{"start":{"line":19,"column":6},"end":{"line":19,"column":45}}],"line":18}},"s":{"0":8,"1":10,"2":1,"3":9,"4":6,"5":1,"6":5,"7":5,"8":2,"9":1},"f":{"0":8,"1":10,"2":2},"b":{"0":[1,9],"1":[9,7,6],"2":[1,5],"3":[6,2]},"_coverageSchema":"332fd63041d2c1bcb487cc26dd0d5f7d97098a6c","hash":"c0411cb0bcaff0ca211efcde3a7e8b03b775e4bd"}
,"F:\\programing\\list-application\\app\\utils\\request.js": {"path":"F:\\programing\\list-application\\app\\utils\\request.js","statementMap":{"0":{"start":{"line":9,"column":2},"end":{"line":11,"column":3}},"1":{"start":{"line":10,"column":4},"end":{"line":10,"column":16}},"2":{"start":{"line":12,"column":2},"end":{"line":12,"column":25}},"3":{"start":{"line":23,"column":2},"end":{"line":25,"column":3}},"4":{"start":{"line":24,"column":4},"end":{"line":24,"column":20}},"5":{"start":{"line":27,"column":16},"end":{"line":27,"column":46}},"6":{"start":{"line":28,"column":2},"end":{"line":28,"column":28}},"7":{"start":{"line":29,"column":2},"end":{"line":29,"column":14}},"8":{"start":{"line":41,"column":2},"end":{"line":43,"column":21}}},"fnMap":{"0":{"name":"parseJSON","decl":{"start":{"line":8,"column":9},"end":{"line":8,"column":18}},"loc":{"start":{"line":8,"column":29},"end":{"line":13,"column":1}},"line":8},"1":{"name":"checkStatus","decl":{"start":{"line":22,"column":9},"end":{"line":22,"column":20}},"loc":{"start":{"line":22,"column":31},"end":{"line":30,"column":1}},"line":22},"2":{"name":"request","decl":{"start":{"line":40,"column":24},"end":{"line":40,"column":31}},"loc":{"start":{"line":40,"column":46},"end":{"line":44,"column":1}},"line":40}},"branchMap":{"0":{"loc":{"start":{"line":9,"column":2},"end":{"line":11,"column":3}},"type":"if","locations":[{"start":{"line":9,"column":2},"end":{"line":11,"column":3}},{"start":{"line":9,"column":2},"end":{"line":11,"column":3}}],"line":9},"1":{"loc":{"start":{"line":9,"column":6},"end":{"line":9,"column":56}},"type":"binary-expr","locations":[{"start":{"line":9,"column":6},"end":{"line":9,"column":29}},{"start":{"line":9,"column":33},"end":{"line":9,"column":56}}],"line":9},"2":{"loc":{"start":{"line":23,"column":2},"end":{"line":25,"column":3}},"type":"if","locations":[{"start":{"line":23,"column":2},"end":{"line":25,"column":3}},{"start":{"line":23,"column":2},"end":{"line":25,"column":3}}],"line":23},"3":{"loc":{"start":{"line":23,"column":6},"end":{"line":23,"column":53}},"type":"binary-expr","locations":[{"start":{"line":23,"column":6},"end":{"line":23,"column":28}},{"start":{"line":23,"column":32},"end":{"line":23,"column":53}}],"line":23}},"s":{"0":2,"1":1,"2":1,"3":3,"4":2,"5":1,"6":1,"7":1,"8":3},"f":{"0":2,"1":3,"2":3},"b":{"0":[1,1],"1":[2,1],"2":[2,1],"3":[3,3]},"_coverageSchema":"332fd63041d2c1bcb487cc26dd0d5f7d97098a6c","hash":"2c031257fe829b3d12b832a6cebdd3c4b072c051"}
,"F:\\programing\\list-application\\app\\utils\\sagaInjectors.js": {"path":"F:\\programing\\list-application\\app\\utils\\sagaInjectors.js","statementMap":{"0":{"start":{"line":7,"column":21},"end":{"line":7,"column":68}},"1":{"start":{"line":9,"column":17},"end":{"line":13,"column":3}},"2":{"start":{"line":10,"column":2},"end":{"line":13,"column":3}},"3":{"start":{"line":15,"column":24},"end":{"line":24,"column":1}},"4":{"start":{"line":16,"column":16},"end":{"line":19,"column":3}},"5":{"start":{"line":18,"column":18},"end":{"line":18,"column":63}},"6":{"start":{"line":20,"column":2},"end":{"line":23,"column":4}},"7":{"start":{"line":27,"column":2},"end":{"line":61,"column":4}},"8":{"start":{"line":28,"column":4},"end":{"line":28,"column":36}},"9":{"start":{"line":28,"column":18},"end":{"line":28,"column":36}},"10":{"start":{"line":30,"column":26},"end":{"line":33,"column":5}},"11":{"start":{"line":34,"column":27},"end":{"line":34,"column":40}},"12":{"start":{"line":36,"column":4},"end":{"line":36,"column":18}},"13":{"start":{"line":37,"column":4},"end":{"line":37,"column":35}},"14":{"start":{"line":39,"column":18},"end":{"line":39,"column":55}},"15":{"start":{"line":41,"column":4},"end":{"line":48,"column":5}},"16":{"start":{"line":42,"column":28},"end":{"line":42,"column":52}},"17":{"start":{"line":44,"column":6},"end":{"line":47,"column":7}},"18":{"start":{"line":45,"column":8},"end":{"line":45,"column":36}},"19":{"start":{"line":46,"column":8},"end":{"line":46,"column":24}},"20":{"start":{"line":50,"column":4},"end":{"line":60,"column":5}},"21":{"start":{"line":55,"column":6},"end":{"line":58,"column":8}},"22":{"start":{"line":65,"column":2},"end":{"line":81,"column":4}},"23":{"start":{"line":66,"column":4},"end":{"line":66,"column":36}},"24":{"start":{"line":66,"column":18},"end":{"line":66,"column":36}},"25":{"start":{"line":68,"column":4},"end":{"line":68,"column":18}},"26":{"start":{"line":70,"column":4},"end":{"line":80,"column":5}},"27":{"start":{"line":71,"column":25},"end":{"line":71,"column":49}},"28":{"start":{"line":72,"column":6},"end":{"line":79,"column":7}},"29":{"start":{"line":73,"column":8},"end":{"line":73,"column":33}},"30":{"start":{"line":75,"column":8},"end":{"line":78,"column":9}},"31":{"start":{"line":77,"column":10},"end":{"line":77,"column":44}},"32":{"start":{"line":85,"column":2},"end":{"line":85,"column":20}},"33":{"start":{"line":87,"column":2},"end":{"line":90,"column":4}}},"fnMap":{"0":{"name":"(anonymous_0)","decl":{"start":{"line":9,"column":17},"end":{"line":9,"column":18}},"loc":{"start":{"line":10,"column":2},"end":{"line":13,"column":3}},"line":10},"1":{"name":"(anonymous_1)","decl":{"start":{"line":15,"column":24},"end":{"line":15,"column":25}},"loc":{"start":{"line":15,"column":38},"end":{"line":24,"column":1}},"line":15},"2":{"name":"(anonymous_2)","decl":{"start":{"line":18,"column":10},"end":{"line":18,"column":11}},"loc":{"start":{"line":18,"column":18},"end":{"line":18,"column":63}},"line":18},"3":{"name":"injectSagaFactory","decl":{"start":{"line":26,"column":16},"end":{"line":26,"column":33}},"loc":{"start":{"line":26,"column":50},"end":{"line":62,"column":1}},"line":26},"4":{"name":"injectSaga","decl":{"start":{"line":27,"column":18},"end":{"line":27,"column":28}},"loc":{"start":{"line":27,"column":57},"end":{"line":61,"column":3}},"line":27},"5":{"name":"ejectSagaFactory","decl":{"start":{"line":64,"column":16},"end":{"line":64,"column":32}},"loc":{"start":{"line":64,"column":49},"end":{"line":82,"column":1}},"line":64},"6":{"name":"ejectSaga","decl":{"start":{"line":65,"column":18},"end":{"line":65,"column":27}},"loc":{"start":{"line":65,"column":33},"end":{"line":81,"column":3}},"line":65},"7":{"name":"getInjectors","decl":{"start":{"line":84,"column":24},"end":{"line":84,"column":36}},"loc":{"start":{"line":84,"column":44},"end":{"line":91,"column":1}},"line":84}},"branchMap":{"0":{"loc":{"start":{"line":11,"column":4},"end":{"line":11,"column":34}},"type":"binary-expr","locations":[{"start":{"line":11,"column":4},"end":{"line":11,"column":17}},{"start":{"line":11,"column":21},"end":{"line":11,"column":34}}],"line":11},"1":{"loc":{"start":{"line":18,"column":18},"end":{"line":18,"column":63}},"type":"binary-expr","locations":[{"start":{"line":18,"column":18},"end":{"line":18,"column":32}},{"start":{"line":18,"column":36},"end":{"line":18,"column":63}}],"line":18},"2":{"loc":{"start":{"line":27,"column":34},"end":{"line":27,"column":49}},"type":"default-arg","locations":[{"start":{"line":27,"column":47},"end":{"line":27,"column":49}}],"line":27},"3":{"loc":{"start":{"line":28,"column":4},"end":{"line":28,"column":36}},"type":"if","locations":[{"start":{"line":28,"column":4},"end":{"line":28,"column":36}},{"start":{"line":28,"column":4},"end":{"line":28,"column":36}}],"line":28},"4":{"loc":{"start":{"line":32,"column":12},"end":{"line":32,"column":49}},"type":"binary-expr","locations":[{"start":{"line":32,"column":12},"end":{"line":32,"column":27}},{"start":{"line":32,"column":31},"end":{"line":32,"column":49}}],"line":32},"5":{"loc":{"start":{"line":41,"column":4},"end":{"line":48,"column":5}},"type":"if","locations":[{"start":{"line":41,"column":4},"end":{"line":48,"column":5}},{"start":{"line":41,"column":4},"end":{"line":48,"column":5}}],"line":41},"6":{"loc":{"start":{"line":44,"column":6},"end":{"line":47,"column":7}},"type":"if","locations":[{"start":{"line":44,"column":6},"end":{"line":47,"column":7}},{"start":{"line":44,"column":6},"end":{"line":47,"column":7}}],"line":44},"7":{"loc":{"start":{"line":44,"column":10},"end":{"line":44,"column":48}},"type":"binary-expr","locations":[{"start":{"line":44,"column":10},"end":{"line":44,"column":17}},{"start":{"line":44,"column":21},"end":{"line":44,"column":48}}],"line":44},"8":{"loc":{"start":{"line":50,"column":4},"end":{"line":60,"column":5}},"type":"if","locations":[{"start":{"line":50,"column":4},"end":{"line":60,"column":5}},{"start":{"line":50,"column":4},"end":{"line":60,"column":5}}],"line":50},"9":{"loc":{"start":{"line":51,"column":6},"end":{"line":52,"column":64}},"type":"binary-expr","locations":[{"start":{"line":51,"column":6},"end":{"line":51,"column":14}},{"start":{"line":52,"column":7},"end":{"line":52,"column":14}},{"start":{"line":52,"column":18},"end":{"line":52,"column":33}},{"start":{"line":52,"column":37},"end":{"line":52,"column":63}}],"line":51},"10":{"loc":{"start":{"line":66,"column":4},"end":{"line":66,"column":36}},"type":"if","locations":[{"start":{"line":66,"column":4},"end":{"line":66,"column":36}},{"start":{"line":66,"column":4},"end":{"line":66,"column":36}}],"line":66},"11":{"loc":{"start":{"line":70,"column":4},"end":{"line":80,"column":5}},"type":"if","locations":[{"start":{"line":70,"column":4},"end":{"line":80,"column":5}},{"start":{"line":70,"column":4},"end":{"line":80,"column":5}}],"line":70},"12":{"loc":{"start":{"line":72,"column":6},"end":{"line":79,"column":7}},"type":"if","locations":[{"start":{"line":72,"column":6},"end":{"line":79,"column":7}},{"start":{"line":72,"column":6},"end":{"line":79,"column":7}}],"line":72},"13":{"loc":{"start":{"line":72,"column":10},"end":{"line":72,"column":55}},"type":"binary-expr","locations":[{"start":{"line":72,"column":10},"end":{"line":72,"column":25}},{"start":{"line":72,"column":29},"end":{"line":72,"column":55}}],"line":72},"14":{"loc":{"start":{"line":75,"column":8},"end":{"line":78,"column":9}},"type":"if","locations":[{"start":{"line":75,"column":8},"end":{"line":78,"column":9}},{"start":{"line":75,"column":8},"end":{"line":78,"column":9}}],"line":75}},"s":{"0":2,"1":2,"2":36,"3":2,"4":24,"5":24,"6":24,"7":21,"8":27,"9":1,"10":26,"11":26,"12":26,"13":24,"14":20,"15":20,"16":16,"17":16,"18":1,"19":1,"20":20,"21":15,"22":21,"23":11,"24":1,"25":10,"26":8,"27":7,"28":7,"29":4,"30":4,"31":2,"32":2,"33":1},"f":{"0":36,"1":24,"2":24,"3":21,"4":27,"5":21,"6":11,"7":2},"b":{"0":[36,34],"1":[24,23],"2":[1],"3":[1,26],"4":[26,10],"5":[16,4],"6":[1,15],"7":[16,5],"8":[15,5],"9":[20,5,5,2],"10":[1,10],"11":[7,1],"12":[4,3],"13":[7,7],"14":[2,2]},"_coverageSchema":"332fd63041d2c1bcb487cc26dd0d5f7d97098a6c","hash":"092f9a8821f0a855fff9c67b73fbcaf4d6df6229"}
}
