TN:
SF:F:\programing\list-application\app\configureStore.js
FN:13,configureStore
FNF:1
FNH:1
FNDA:38,configureStore
DA:11,5
DA:17,38
DA:19,38
DA:24,38
DA:31,38
DA:38,38
DA:39,38
DA:40,38
DA:50,38
LF:9
LH:9
BRDA:13,0,0,1
BRDA:24,1,0,1
BRDA:24,1,1,37
BRDA:24,2,0,38
BRDA:24,2,1,38
BRDA:24,2,2,38
BRF:6
BRH:6
end_of_record
TN:
SF:F:\programing\list-application\app\i18n.js
FN:28,(anonymous_0)
FN:33,(anonymous_1)
FNF:2
FNH:2
FNDA:6,(anonymous_0)
FNDA:38,(anonymous_1)
DA:10,1
DA:11,1
DA:12,1
DA:14,1
DA:15,1
DA:17,1
DA:18,1
DA:20,1
DA:23,1
DA:28,1
DA:30,6
DA:33,6
DA:35,38
DA:38,38
DA:40,6
DA:43,1
DA:48,1
DA:49,1
DA:50,1
DA:51,1
LF:20
LH:20
BRDA:30,0,0,2
BRDA:30,0,1,4
BRDA:35,1,0,9
BRDA:35,1,1,29
BRDA:35,2,0,38
BRDA:35,2,1,9
BRF:6
BRH:6
end_of_record
TN:
SF:F:\programing\list-application\app\reducers.js
FN:14,createReducer
FNF:1
FNH:1
FNDA:43,createReducer
DA:15,43
DA:21,43
DA:22,43
LF:3
LH:3
BRDA:14,0,0,38
BRF:1
BRH:1
end_of_record
TN:
SF:F:\programing\list-application\app\components\H1\index.js
FNF:0
FNH:0
DA:3,1
LF:1
LH:1
BRF:0
BRH:0
end_of_record
TN:
SF:F:\programing\list-application\app\components\LoadingIndicator\Circle.js
FN:21,(anonymous_0)
FNF:1
FNH:0
FNDA:0,(anonymous_0)
DA:5,1
DA:17,1
DA:21,1
DA:22,0
DA:49,0
DA:52,1
LF:6
LH:4
BRDA:28,0,0,0
BRDA:28,0,1,0
BRDA:42,1,0,0
BRDA:42,1,1,0
BRF:4
BRH:0
end_of_record
TN:
SF:F:\programing\list-application\app\components\LoadingIndicator\Wrapper.js
FNF:0
FNH:0
DA:3,1
LF:1
LH:1
BRF:0
BRH:0
end_of_record
TN:
SF:F:\programing\list-application\app\components\LoadingIndicator\index.js
FN:6,(anonymous_0)
FNF:1
FNH:0
FNDA:0,(anonymous_0)
DA:6,1
DA:7,0
LF:2
LH:1
BRF:0
BRH:0
end_of_record
TN:
SF:F:\programing\list-application\app\containers\App\actions.js
FN:25,loadRepos
FN:39,reposLoaded
FN:54,repoLoadingError
FNF:3
FNH:0
FNDA:0,loadRepos
FNDA:0,reposLoaded
FNDA:0,repoLoadingError
DA:18,0
DA:26,0
DA:40,0
DA:55,0
LF:4
LH:0
BRF:0
BRH:0
end_of_record
TN:
SF:F:\programing\list-application\app\containers\App\constants.js
FNF:0
FNH:0
DA:12,5
DA:13,5
DA:14,5
LF:3
LH:3
BRF:0
BRH:0
end_of_record
TN:
SF:F:\programing\list-application\app\containers\App\index.js
FN:28,App
FNF:1
FNH:0
FNDA:0,App
DA:9,0
DA:10,0
DA:11,0
DA:12,0
DA:13,0
DA:14,0
DA:16,0
DA:17,0
DA:19,0
DA:29,0
LF:10
LH:0
BRF:0
BRH:0
end_of_record
TN:
SF:F:\programing\list-application\app\containers\App\reducer.js
FN:27,appReducer
FNF:1
FNH:1
FNDA:48,appReducer
DA:18,5
DA:28,48
DA:30,0
DA:35,0
DA:40,0
DA:42,48
LF:6
LH:3
BRDA:27,0,0,38
BRDA:28,1,0,0
BRDA:28,1,1,0
BRDA:28,1,2,0
BRDA:28,1,3,48
BRF:5
BRH:2
end_of_record
TN:
SF:F:\programing\list-application\app\containers\App\selectors.js
FN:7,(anonymous_0)
FN:9,(anonymous_1)
FN:11,(anonymous_2)
FN:12,(anonymous_3)
FN:14,(anonymous_4)
FN:15,(anonymous_5)
FN:17,(anonymous_6)
FN:18,(anonymous_7)
FN:20,(anonymous_8)
FN:21,(anonymous_9)
FN:25,(anonymous_10)
FN:26,(anonymous_11)
FNF:12
FNH:3
FNDA:0,(anonymous_0)
FNDA:1,(anonymous_1)
FNDA:0,(anonymous_2)
FNDA:0,(anonymous_3)
FNDA:0,(anonymous_4)
FNDA:0,(anonymous_5)
FNDA:0,(anonymous_6)
FNDA:0,(anonymous_7)
FNDA:0,(anonymous_8)
FNDA:0,(anonymous_9)
FNDA:1,(anonymous_10)
FNDA:1,(anonymous_11)
DA:7,1
DA:9,1
DA:11,1
DA:12,0
DA:14,1
DA:15,0
DA:17,1
DA:18,0
DA:20,1
DA:21,0
DA:22,0
DA:25,1
DA:26,1
DA:27,1
LF:14
LH:9
BRF:0
BRH:0
end_of_record
TN:
SF:F:\programing\list-application\app\containers\ListApplication\actions.js
FN:9,(anonymous_0)
FN:14,(anonymous_1)
FN:19,(anonymous_2)
FN:24,(anonymous_3)
FNF:4
FNH:1
FNDA:1,(anonymous_0)
FNDA:0,(anonymous_1)
FNDA:0,(anonymous_2)
FNDA:0,(anonymous_3)
DA:9,1
DA:14,1
DA:19,1
DA:24,1
LF:4
LH:4
BRF:0
BRH:0
end_of_record
TN:
SF:F:\programing\list-application\app\containers\ListApplication\constants.js
FNF:0
FNH:0
DA:6,2
DA:7,2
DA:9,2
DA:10,2
DA:11,2
DA:12,2
LF:6
LH:6
BRF:0
BRH:0
end_of_record
TN:
SF:F:\programing\list-application\app\containers\ListApplication\index.js
FN:59,(anonymous_21)
FN:79,(anonymous_23)
FN:103,onOk
FN:103,onCancel
FN:131,renderItem
FN:138,onClick
FN:139,onKeyPress
FN:145,onClick
FN:146,onKeyPress
FN:177,onChange
FN:186,addList
FN:187,editList
FN:204,mapDispatchToProps
FN:206,addList
FN:207,editList
FN:208,deleteList
FN:209,submitAction
FNF:17
FNH:0
FNDA:0,(anonymous_21)
FNDA:0,(anonymous_23)
FNDA:0,onOk
FNDA:0,onCancel
FNDA:0,renderItem
FNDA:0,onClick
FNDA:0,onKeyPress
FNDA:0,onClick
FNDA:0,onKeyPress
FNDA:0,onChange
FNDA:0,addList
FNDA:0,editList
FNDA:0,mapDispatchToProps
FNDA:0,addList
FNDA:0,editList
FNDA:0,deleteList
FNDA:0,submitAction
DA:7,0
DA:8,0
DA:9,0
DA:10,0
DA:11,0
DA:12,0
DA:13,0
DA:15,0
DA:16,0
DA:17,0
DA:18,0
DA:19,0
DA:20,0
DA:33,0
DA:42,0
DA:48,0
DA:49,0
DA:51,0
DA:55,0
DA:59,0
DA:60,0
DA:70,0
DA:74,0
DA:79,0
DA:80,0
DA:90,0
DA:96,0
DA:102,0
DA:103,0
DA:106,0
DA:112,0
DA:117,0
DA:118,0
DA:119,0
DA:120,0
DA:121,0
DA:131,0
DA:138,0
DA:139,0
DA:145,0
DA:146,0
DA:177,0
DA:185,0
DA:186,0
DA:187,0
DA:192,0
DA:200,0
DA:205,0
DA:206,0
DA:207,0
DA:208,0
DA:209,0
DA:213,0
DA:218,0
DA:219,0
LF:55
LH:0
BRDA:48,0,0,0
BRDA:48,0,1,0
BRDA:134,1,0,0
BRDA:134,1,1,0
BRDA:166,2,0,0
BRDA:166,2,1,0
BRDA:171,3,0,0
BRDA:171,3,1,0
BRF:8
BRH:0
end_of_record
TN:
SF:F:\programing\list-application\app\containers\ListApplication\reducer.js
FN:14,listApplicationReducer
FNF:1
FNH:1
FNDA:1,listApplicationReducer
DA:10,1
DA:15,1
DA:17,0
DA:18,0
DA:19,0
DA:22,0
DA:23,0
DA:24,0
DA:25,0
DA:26,0
DA:27,0
DA:31,0
DA:32,0
DA:33,0
DA:34,0
DA:38,1
LF:16
LH:3
BRDA:14,0,0,0
BRDA:15,1,0,0
BRDA:15,1,1,0
BRDA:15,1,2,0
BRDA:15,1,3,1
BRF:5
BRH:1
end_of_record
TN:
SF:F:\programing\list-application\app\containers\ListApplication\saga.js
FN:4,listApplicationSaga
FN:4,listApplicationSaga$
FNF:2
FNH:0
FNDA:0,listApplicationSaga
FNDA:0,listApplicationSaga$
DA:4,0
LF:1
LH:0
BRDA:4,0,0,0
BRDA:4,0,1,0
BRF:2
BRH:0
end_of_record
TN:
SF:F:\programing\list-application\app\containers\ListApplication\selectors.js
FN:8,selectListApplicationDomain
FN:19,makeSelectListApplication
FN:20,(anonymous_2)
FNF:3
FNH:0
FNDA:0,selectListApplicationDomain
FNDA:0,makeSelectListApplication
FNDA:0,(anonymous_2)
DA:1,0
DA:2,0
DA:8,0
DA:19,0
DA:20,0
LF:5
LH:0
BRF:0
BRH:0
end_of_record
TN:
SF:F:\programing\list-application\app\containers\NotFoundPage\index.js
FN:13,NotFound
FNF:1
FNH:0
FNDA:0,NotFound
DA:7,0
DA:8,0
DA:10,0
DA:11,0
DA:14,0
LF:5
LH:0
BRF:0
BRH:0
end_of_record
TN:
SF:F:\programing\list-application\app\containers\NotFoundPage\messages.js
FNF:0
FNH:0
DA:6,0
DA:8,0
LF:2
LH:0
BRF:0
BRH:0
end_of_record
TN:
SF:F:\programing\list-application\app\utils\checkStore.js
FN:7,checkStore
FNF:1
FNH:1
FNDA:13,checkStore
DA:8,13
DA:17,13
LF:2
LH:2
BRF:0
BRH:0
end_of_record
TN:
SF:F:\programing\list-application\app\utils\constants.js
FNF:0
FNH:0
DA:1,2
DA:2,2
DA:3,2
LF:3
LH:3
BRF:0
BRH:0
end_of_record
TN:
SF:F:\programing\list-application\app\utils\history.js
FNF:0
FNH:0
DA:2,5
LF:1
LH:1
BRF:0
BRH:0
end_of_record
TN:
SF:F:\programing\list-application\app\utils\injectReducer.js
FN:14,(anonymous_0)
FN:14,(anonymous_1)
FN:26,(anonymous_2)
FN:34,(anonymous_3)
FNF:4
FNH:4
FNDA:4,(anonymous_0)
FNDA:4,(anonymous_1)
FNDA:2,(anonymous_2)
FNDA:2,(anonymous_3)
DA:14,4
DA:27,2
DA:29,2
DA:35,2
DA:39,4
LF:5
LH:5
BRDA:22,0,0,4
BRDA:22,0,1,4
BRDA:22,0,2,1
BRF:3
BRH:3
end_of_record
TN:
SF:F:\programing\list-application\app\utils\injectSaga.js
FN:18,(anonymous_0)
FN:18,(anonymous_1)
FN:30,(anonymous_2)
FN:36,(anonymous_3)
FN:44,(anonymous_4)
FNF:5
FNH:5
FNDA:5,(anonymous_0)
FNDA:5,(anonymous_1)
FNDA:3,(anonymous_2)
FNDA:1,(anonymous_3)
FNDA:3,(anonymous_4)
DA:18,5
DA:31,3
DA:33,3
DA:37,1
DA:39,1
DA:45,3
DA:49,5
LF:7
LH:7
BRDA:26,0,0,5
BRDA:26,0,1,5
BRDA:26,0,2,1
BRF:3
BRH:3
end_of_record
TN:
SF:F:\programing\list-application\app\utils\reducerInjectors.js
FN:7,injectReducerFactory
FN:8,injectReducer
FN:28,getInjectors
FNF:3
FNH:3
FNDA:8,injectReducerFactory
FNDA:10,injectReducer
FNDA:2,getInjectors
DA:8,8
DA:9,10
DA:11,9
DA:17,6
DA:21,1
DA:23,5
DA:24,5
DA:29,2
DA:31,1
LF:9
LH:9
BRDA:9,0,0,1
BRDA:9,0,1,9
BRDA:12,1,0,9
BRDA:12,1,1,7
BRDA:12,1,2,6
BRDA:17,2,0,1
BRDA:17,2,1,5
BRDA:18,3,0,6
BRDA:18,3,1,2
BRF:9
BRH:9
end_of_record
TN:
SF:F:\programing\list-application\app\utils\request.js
FN:8,parseJSON
FN:22,checkStatus
FN:40,request
FNF:3
FNH:3
FNDA:2,parseJSON
FNDA:3,checkStatus
FNDA:3,request
DA:9,2
DA:10,1
DA:12,1
DA:23,3
DA:24,2
DA:27,1
DA:28,1
DA:29,1
DA:41,3
LF:9
LH:9
BRDA:9,0,0,1
BRDA:9,0,1,1
BRDA:9,1,0,2
BRDA:9,1,1,1
BRDA:23,2,0,2
BRDA:23,2,1,1
BRDA:23,3,0,3
BRDA:23,3,1,3
BRF:8
BRH:8
end_of_record
TN:
SF:F:\programing\list-application\app\utils\sagaInjectors.js
FN:9,(anonymous_0)
FN:15,(anonymous_1)
FN:18,(anonymous_2)
FN:26,injectSagaFactory
FN:27,injectSaga
FN:64,ejectSagaFactory
FN:65,ejectSaga
FN:84,getInjectors
FNF:8
FNH:8
FNDA:36,(anonymous_0)
FNDA:24,(anonymous_1)
FNDA:24,(anonymous_2)
FNDA:21,injectSagaFactory
FNDA:27,injectSaga
FNDA:21,ejectSagaFactory
FNDA:11,ejectSaga
FNDA:2,getInjectors
DA:7,2
DA:9,2
DA:10,36
DA:15,2
DA:16,24
DA:18,24
DA:20,24
DA:27,21
DA:28,27
DA:30,26
DA:34,26
DA:36,26
DA:37,24
DA:39,20
DA:41,20
DA:42,16
DA:44,16
DA:45,1
DA:46,1
DA:50,20
DA:55,15
DA:65,21
DA:66,11
DA:68,10
DA:70,8
DA:71,7
DA:72,7
DA:73,4
DA:75,4
DA:77,2
DA:85,2
DA:87,1
LF:32
LH:32
BRDA:11,0,0,36
BRDA:11,0,1,34
BRDA:18,1,0,24
BRDA:18,1,1,23
BRDA:27,2,0,1
BRDA:28,3,0,1
BRDA:28,3,1,26
BRDA:32,4,0,26
BRDA:32,4,1,10
BRDA:41,5,0,16
BRDA:41,5,1,4
BRDA:44,6,0,1
BRDA:44,6,1,15
BRDA:44,7,0,16
BRDA:44,7,1,5
BRDA:50,8,0,15
BRDA:50,8,1,5
BRDA:51,9,0,20
BRDA:51,9,1,5
BRDA:51,9,2,5
BRDA:51,9,3,2
BRDA:66,10,0,1
BRDA:66,10,1,10
BRDA:70,11,0,7
BRDA:70,11,1,1
BRDA:72,12,0,4
BRDA:72,12,1,3
BRDA:72,13,0,7
BRDA:72,13,1,7
BRDA:75,14,0,2
BRDA:75,14,1,2
BRF:31
BRH:31
end_of_record
